<?xml version="1.0" encoding="UTF-8"?>
<!-- Generated by org.testng.reporters.JUnitReportReporter -->
<testsuite hostname="DESKTOP-4OI3J6B" failures="0" tests="1" name="makeMyTripTestCases.M1_SearchFlightTestCases" time="21.271" errors="0" timestamp="2024-07-28T17:12:34 IST" skipped="0">
  <testcase classname="makeMyTripTestCases.M1_SearchFlightTestCases" name="flightSearching" time="21.271"/>
</testsuite> <!-- makeMyTripTestCases.M1_SearchFlightTestCases -->
