<?xml version="1.0" encoding="UTF-8"?>
<!-- Generated by org.testng.reporters.JUnitReportReporter -->
<testsuite hostname="DESKTOP-4OI3J6B" failures="0" tests="1" name="makeMyTripTestCases.M2_BookFlightTestCases" time="2.082" errors="0" timestamp="2024-07-28T18:23:33 IST" skipped="0">
  <testcase classname="makeMyTripTestCases.M2_BookFlightTestCases" name="flightBooking" time="2.082"/>
</testsuite> <!-- makeMyTripTestCases.M2_BookFlightTestCases -->
