<?xml version="1.0" encoding="UTF-8"?>
<!-- Generated by org.testng.reporters.JUnitReportReporter -->
<testsuite hostname="DESKTOP-4OI3J6B" failures="0" tests="1" name="makeMyTripTestCases.M4_PayByCreditcardTestCases" time="23.866" errors="0" timestamp="2024-08-07T19:55:08 IST" skipped="0">
  <testcase classname="makeMyTripTestCases.M4_PayByCreditcardTestCases" name="pay" time="23.866"/>
</testsuite> <!-- makeMyTripTestCases.M4_PayByCreditcardTestCases -->
