<?xml version="1.0" encoding="UTF-8"?>
<!-- Generated by org.testng.reporters.JUnitReportReporter -->
<testsuite hostname="DESKTOP-4OI3J6B" failures="0" tests="1" name="makeMyTripTestCases.M5_End_To_End_Test_Case" time="0.000" errors="0" timestamp="2024-08-07T19:43:44 IST" skipped="1">
  <testcase classname="makeMyTripTestCases.M5_End_To_End_Test_Case" name="endToEndFlow" time="0.000">
    <skipped/>
  </testcase> <!-- endToEndFlow -->
</testsuite> <!-- makeMyTripTestCases.M5_End_To_End_Test_Case -->
