<?xml version="1.0" encoding="UTF-8"?>
<!-- Generated by org.testng.reporters.JUnitReportReporter -->
<testsuite hostname="DESKTOP-4OI3J6B" failures="0" tests="1" name="makeMyTripTestCases.M3_FillDeatilsTestCases" time="10.889" errors="0" timestamp="2024-08-07T19:55:08 IST" skipped="0">
  <testcase classname="makeMyTripTestCases.M3_FillDeatilsTestCases" name="travelDetails" time="10.889"/>
</testsuite> <!-- makeMyTripTestCases.M3_FillDeatilsTestCases -->
