<?xml version="1.0" encoding="UTF-8"?>
<!-- Generated by org.testng.reporters.JUnitReportReporter -->
<testsuite hostname="DESKTOP-4OI3J6B" failures="0" tests="1" name="makeMyTripTestCases.M3_FillDeatilsTestCases" time="20.126" errors="0" timestamp="2024-07-29T12:50:44 IST" skipped="0">
  <testcase classname="makeMyTripTestCases.M3_FillDeatilsTestCases" name="travelDetails" time="20.126"/>
</testsuite> <!-- makeMyTripTestCases.M3_FillDeatilsTestCases -->
